2015/08/27 20:56:30 [error] [exception.CHttpException.404] exception 'CHttpException' with message 'Unable to resolve the request "estudiante/admin".' in C:\xampp\htdocs\yii\framework\web\CWebApplication.php:286
Stack trace:
#0 C:\xampp\htdocs\yii\framework\web\CWebApplication.php(141): CWebApplication->runController('estudiante/admi...')
#1 C:\xampp\htdocs\yii\framework\base\CApplication.php(180): CWebApplication->processRequest()
#2 C:\xampp\htdocs\notas\index.php(13): CApplication->run()
#3 {main}
REQUEST_URI=/notas/index.php/estudiante/admin
---
2015/08/27 20:56:50 [error] [exception.CHttpException.404] exception 'CHttpException' with message 'Unable to resolve the request "Estudiante/admin".' in C:\xampp\htdocs\yii\framework\web\CWebApplication.php:286
Stack trace:
#0 C:\xampp\htdocs\yii\framework\web\CWebApplication.php(141): CWebApplication->runController('Estudiante/admi...')
#1 C:\xampp\htdocs\yii\framework\base\CApplication.php(180): CWebApplication->processRequest()
#2 C:\xampp\htdocs\notas\index.php(13): CApplication->run()
#3 {main}
REQUEST_URI=/notas/index.php/Estudiante/admin
---
2015/08/27 20:58:25 [error] [exception.CHttpException.404] exception 'CHttpException' with message 'Unable to resolve the request "estudainte/admin".' in C:\xampp\htdocs\yii\framework\web\CWebApplication.php:286
Stack trace:
#0 C:\xampp\htdocs\yii\framework\web\CWebApplication.php(141): CWebApplication->runController('estudainte/admi...')
#1 C:\xampp\htdocs\yii\framework\base\CApplication.php(180): CWebApplication->processRequest()
#2 C:\xampp\htdocs\notas\index.php(13): CApplication->run()
#3 {main}
REQUEST_URI=/notas/index.php/estudainte/admin
---
2015/08/27 21:41:03 [error] [exception.CHttpException.404] exception 'CHttpException' with message 'No es posible resolver la solicitud "materiaxestudiante/admin"' in C:\xampp\htdocs\yii\framework\web\CWebApplication.php:286
Stack trace:
#0 C:\xampp\htdocs\yii\framework\web\CWebApplication.php(141): CWebApplication->runController('materiaxestudia...')
#1 C:\xampp\htdocs\yii\framework\base\CApplication.php(180): CWebApplication->processRequest()
#2 C:\xampp\htdocs\notas\index.php(13): CApplication->run()
#3 {main}
REQUEST_URI=/notas/index.php/materiaxestudiante/admin
---
2015/08/28 04:59:35 [error] [exception.CHttpException.404] exception 'CHttpException' with message 'No es posible resolver la solicitud "materiaxestudiante/create"' in C:\xampp\htdocs\yii\framework\web\CWebApplication.php:286
Stack trace:
#0 C:\xampp\htdocs\yii\framework\web\CWebApplication.php(141): CWebApplication->runController('materiaxestudia...')
#1 C:\xampp\htdocs\yii\framework\base\CApplication.php(180): CWebApplication->processRequest()
#2 C:\xampp\htdocs\notas\index.php(13): CApplication->run()
#3 {main}
REQUEST_URI=/notas/index.php/materiaxestudiante/create?id_carnet=1111
HTTP_REFERER=http://127.0.0.1/notas/index.php/estudiante/admin
---
2015/08/28 05:14:29 [error] [php] include(TipoDocumento.php): failed to open stream: No such file or directory (C:\xampp\htdocs\yii\framework\YiiBase.php:427)
Stack trace:
#0 C:\xampp\htdocs\notas\protected\views\materiaxestudainte\_form.php(52): spl_autoload_call()
#1 C:\xampp\htdocs\yii\framework\web\CBaseController.php(126): require()
#2 C:\xampp\htdocs\yii\framework\web\CBaseController.php(95): MateriaxestudainteController->renderInternal()
#3 C:\xampp\htdocs\yii\framework\web\CController.php(869): MateriaxestudainteController->renderFile()
#4 C:\xampp\htdocs\notas\protected\views\materiaxestudainte\create.php(18): MateriaxestudainteController->renderPartial()
#5 C:\xampp\htdocs\yii\framework\web\CBaseController.php(126): require()
#6 C:\xampp\htdocs\yii\framework\web\CBaseController.php(95): MateriaxestudainteController->renderInternal()
#7 C:\xampp\htdocs\yii\framework\web\CController.php(869): MateriaxestudainteController->renderFile()
#8 C:\xampp\htdocs\yii\framework\web\CController.php(782): MateriaxestudainteController->renderPartial()
#9 C:\xampp\htdocs\notas\protected\controllers\MateriaxestudainteController.php(79): MateriaxestudainteController->render()
#10 C:\xampp\htdocs\yii\framework\web\actions\CInlineAction.php(49): MateriaxestudainteController->actionCreate()
#11 C:\xampp\htdocs\yii\framework\web\CController.php(308): CInlineAction->runWithParams()
#12 C:\xampp\htdocs\yii\framework\web\filters\CFilterChain.php(133): MateriaxestudainteController->runAction()
#13 C:\xampp\htdocs\yii\framework\web\filters\CFilter.php(40): CFilterChain->run()
#14 C:\xampp\htdocs\yii\framework\web\CController.php(1145): CAccessControlFilter->filter()
#15 C:\xampp\htdocs\yii\framework\web\filters\CInlineFilter.php(58): MateriaxestudainteController->filterAccessControl()
#16 C:\xampp\htdocs\yii\framework\web\filters\CFilterChain.php(130): CInlineFilter->filter()
#17 C:\xampp\htdocs\yii\framework\web\CController.php(291): CFilterChain->run()
#18 C:\xampp\htdocs\yii\framework\web\CController.php(265): MateriaxestudainteController->runActionWithFilters()
#19 C:\xampp\htdocs\yii\framework\web\CWebApplication.php(282): MateriaxestudainteController->run()
#20 C:\xampp\htdocs\yii\framework\web\CWebApplication.php(141): CWebApplication->runController()
#21 C:\xampp\htdocs\yii\framework\base\CApplication.php(180): CWebApplication->processRequest()
#22 C:\xampp\htdocs\notas\index.php(13): CWebApplication->run()
REQUEST_URI=/notas/index.php/materiaxestudainte/create?id_carnet=1111
in C:\xampp\htdocs\notas\protected\views\materiaxestudainte\_form.php (52)
in C:\xampp\htdocs\notas\protected\views\materiaxestudainte\create.php (18)
in C:\xampp\htdocs\notas\protected\controllers\MateriaxestudainteController.php (79)
2015/08/28 05:43:30 [error] [exception.CException] exception 'CException' with message 'La propiedad "Materiaxestudainte"."id_carnet" no se encuentra definida.' in C:\xampp\htdocs\yii\framework\base\CComponent.php:130
Stack trace:
#0 C:\xampp\htdocs\yii\framework\db\ar\CActiveRecord.php(145): CComponent->__get('id_carnet')
#1 C:\xampp\htdocs\yii\framework\base\CComponent.php(612) : eval()'d code(1): CActiveRecord->__get('id_carnet')
#2 C:\xampp\htdocs\yii\framework\base\CComponent.php(612): eval()
#3 C:\xampp\htdocs\yii\framework\zii\widgets\grid\CButtonColumn.php(340): CComponent->evaluateExpression('$this->grid->co...', Array)
#4 C:\xampp\htdocs\yii\framework\zii\widgets\grid\CButtonColumn.php(319): CButtonColumn->renderButton('materia', Array, 0, Object(Materiaxestudainte))
#5 C:\xampp\htdocs\yii\framework\zii\widgets\grid\CGridColumn.php(151): CButtonColumn->renderDataCellContent(0, Object(Materiaxestudainte))
#6 C:\xampp\htdocs\yii\framework\zii\widgets\grid\CGridView.php(616): CGridColumn->renderDataCell(0)
#7 C:\xampp\htdocs\yii\framework\zii\widgets\grid\CGridView.php(572): CGridView->renderTableRow(0)
#8 C:\xampp\htdocs\yii\framework\zii\widgets\grid\CGridView.php(482): CGridView->renderTableBody()
#9 C:\xampp\htdocs\yii\framework\zii\widgets\CBaseListView.php(167): CGridView->renderItems()
#10 [internal function]: CBaseListView->renderSection(Array)
#11 C:\xampp\htdocs\yii\framework\zii\widgets\CBaseListView.php(150): preg_replace_callback('/{(\\w+)}/', Array, '{summary}\n{item...')
#12 C:\xampp\htdocs\yii\framework\zii\widgets\CBaseListView.php(135): CBaseListView->renderContent()
#13 C:\xampp\htdocs\yii\framework\web\CBaseController.php(173): CBaseListView->run()
#14 C:\xampp\htdocs\notas\protected\views\materiaxestudainte\admin.php(64): CBaseController->widget('zii.widgets.gri...', Array)
#15 C:\xampp\htdocs\yii\framework\web\CBaseController.php(126): require('C:\\xampp\\htdocs...')
#16 C:\xampp\htdocs\yii\framework\web\CBaseController.php(95): CBaseController->renderInternal('C:\\xampp\\htdocs...', Array, true)
#17 C:\xampp\htdocs\yii\framework\web\CController.php(869): CBaseController->renderFile('C:\\xampp\\htdocs...', Array, true)
#18 C:\xampp\htdocs\yii\framework\web\CController.php(782): CController->renderPartial('admin', Array, true)
#19 C:\xampp\htdocs\notas\protected\controllers\MateriaxestudainteController.php(143): CController->render('admin', Array)
#20 C:\xampp\htdocs\yii\framework\web\actions\CInlineAction.php(49): MateriaxestudainteController->actionAdmin()
#21 C:\xampp\htdocs\yii\framework\web\CController.php(308): CInlineAction->runWithParams(Array)
#22 C:\xampp\htdocs\yii\framework\web\filters\CFilterChain.php(133): CController->runAction(Object(CInlineAction))
#23 C:\xampp\htdocs\yii\framework\web\filters\CFilter.php(40): CFilterChain->run()
#24 C:\xampp\htdocs\yii\framework\web\CController.php(1145): CFilter->filter(Object(CFilterChain))
#25 C:\xampp\htdocs\yii\framework\web\filters\CInlineFilter.php(58): CController->filterAccessControl(Object(CFilterChain))
#26 C:\xampp\htdocs\yii\framework\web\filters\CFilterChain.php(130): CInlineFilter->filter(Object(CFilterChain))
#27 C:\xampp\htdocs\yii\framework\web\CController.php(291): CFilterChain->run()
#28 C:\xampp\htdocs\yii\framework\web\CController.php(265): CController->runActionWithFilters(Object(CInlineAction), Array)
#29 C:\xampp\htdocs\yii\framework\web\CWebApplication.php(282): CController->run('admin')
#30 C:\xampp\htdocs\yii\framework\web\CWebApplication.php(141): CWebApplication->runController('materiaxestudai...')
#31 C:\xampp\htdocs\yii\framework\base\CApplication.php(180): CWebApplication->processRequest()
#32 C:\xampp\htdocs\notas\index.php(13): CApplication->run()
#33 {main}
REQUEST_URI=/notas/index.php/materiaxestudainte/admin?id_carnet=1111
HTTP_REFERER=http://127.0.0.1/notas/index.php/estudiante/admin
---
2015/08/28 06:13:28 [error] [exception.CHttpException.404] exception 'CHttpException' with message 'No es posible resolver la solicitud "estudiantes/admin"' in C:\xampp\htdocs\yii\framework\web\CWebApplication.php:286
Stack trace:
#0 C:\xampp\htdocs\yii\framework\web\CWebApplication.php(141): CWebApplication->runController('estudiantes/adm...')
#1 C:\xampp\htdocs\yii\framework\base\CApplication.php(180): CWebApplication->processRequest()
#2 C:\xampp\htdocs\notas\index.php(13): CApplication->run()
#3 {main}
REQUEST_URI=/notas/index.php/estudiantes/admin
HTTP_REFERER=http://127.0.0.1/notas/index.php/estudiante/admin
---
2015/08/28 06:51:39 [error] [system.db.CDbCommand] CDbCommand::execute() fall贸: SQLSTATE[23000]: Integrity constraint violation: 1451 Cannot delete or update a parent row: a foreign key constraint fails (`estudiantes`.`nota`, CONSTRAINT `mxe` FOREIGN KEY (`cod_mxe`) REFERENCES `materiaxestudainte` (`id`)). La sentencia SQL ejecutada fue: DELETE FROM `materiaxestudainte` WHERE `materiaxestudainte`.`id`=1.
in C:\xampp\htdocs\notas\protected\controllers\MateriaxestudainteController.php (113)
in C:\xampp\htdocs\notas\index.php (13)
2015/08/28 06:51:39 [error] [exception.CDbException] exception 'CDbException' with message 'CDbCommand fall贸 al ejecutar la sentencia SQL: SQLSTATE[23000]: Integrity constraint violation: 1451 Cannot delete or update a parent row: a foreign key constraint fails (`estudiantes`.`nota`, CONSTRAINT `mxe` FOREIGN KEY (`cod_mxe`) REFERENCES `materiaxestudainte` (`id`)). The SQL statement executed was: DELETE FROM `materiaxestudainte` WHERE `materiaxestudainte`.`id`=1' in C:\xampp\htdocs\yii\framework\db\CDbCommand.php:358
Stack trace:
#0 C:\xampp\htdocs\yii\framework\db\ar\CActiveRecord.php(1802): CDbCommand->execute()
#1 C:\xampp\htdocs\yii\framework\db\ar\CActiveRecord.php(1222): CActiveRecord->deleteByPk('1')
#2 C:\xampp\htdocs\notas\protected\controllers\MateriaxestudainteController.php(113): CActiveRecord->delete()
#3 [internal function]: MateriaxestudainteController->actionDelete('1')
#4 C:\xampp\htdocs\yii\framework\web\actions\CAction.php(108): ReflectionMethod->invokeArgs(Object(MateriaxestudainteController), Array)
#5 C:\xampp\htdocs\yii\framework\web\actions\CInlineAction.php(47): CAction->runWithParamsInternal(Object(MateriaxestudainteController), Object(ReflectionMethod), Array)
#6 C:\xampp\htdocs\yii\framework\web\CController.php(308): CInlineAction->runWithParams(Array)
#7 C:\xampp\htdocs\yii\framework\web\filters\CFilterChain.php(133): CController->runAction(Object(CInlineAction))
#8 C:\xampp\htdocs\yii\framework\web\CController.php(1116): CFilterChain->run()
#9 C:\xampp\htdocs\yii\framework\web\filters\CInlineFilter.php(58): CController->filterPostOnly(Object(CFilterChain))
#10 C:\xampp\htdocs\yii\framework\web\filters\CFilterChain.php(130): CInlineFilter->filter(Object(CFilterChain))
#11 C:\xampp\htdocs\yii\framework\web\filters\CFilter.php(40): CFilterChain->run()
#12 C:\xampp\htdocs\yii\framework\web\CController.php(1145): CFilter->filter(Object(CFilterChain))
#13 C:\xampp\htdocs\yii\framework\web\filters\CInlineFilter.php(58): CController->filterAccessControl(Object(CFilterChain))
#14 C:\xampp\htdocs\yii\framework\web\filters\CFilterChain.php(130): CInlineFilter->filter(Object(CFilterChain))
#15 C:\xampp\htdocs\yii\framework\web\CController.php(291): CFilterChain->run()
#16 C:\xampp\htdocs\yii\framework\web\CController.php(265): CController->runActionWithFilters(Object(CInlineAction), Array)
#17 C:\xampp\htdocs\yii\framework\web\CWebApplication.php(282): CController->run('delete')
#18 C:\xampp\htdocs\yii\framework\web\CWebApplication.php(141): CWebApplication->runController('materiaxestudai...')
#19 C:\xampp\htdocs\yii\framework\base\CApplication.php(180): CWebApplication->processRequest()
#20 C:\xampp\htdocs\notas\index.php(13): CApplication->run()
#21 {main}
REQUEST_URI=/notas/index.php/materiaxestudainte/delete/1?ajax=materiaxestudainte-grid
HTTP_REFERER=http://127.0.0.1/notas/index.php/materiaxestudainte/admin?id_carnet=1111
---
2015/08/28 06:56:36 [error] [system.db.CDbCommand] CDbCommand::execute() fall贸: SQLSTATE[23000]: Integrity constraint violation: 1451 Cannot delete or update a parent row: a foreign key constraint fails (`estudiantes`.`materiaxestudainte`, CONSTRAINT `mat` FOREIGN KEY (`cod_materia`) REFERENCES `materia` (`id_materia`) ON DELETE NO ACTION ON UPDATE NO ACTION). La sentencia SQL ejecutada fue: DELETE FROM `materia` WHERE `materia`.`id_materia`=6.
in C:\xampp\htdocs\notas\protected\controllers\MateriaController.php (113)
in C:\xampp\htdocs\notas\index.php (13)
2015/08/28 06:56:36 [error] [exception.CDbException] exception 'CDbException' with message 'CDbCommand fall贸 al ejecutar la sentencia SQL: SQLSTATE[23000]: Integrity constraint violation: 1451 Cannot delete or update a parent row: a foreign key constraint fails (`estudiantes`.`materiaxestudainte`, CONSTRAINT `mat` FOREIGN KEY (`cod_materia`) REFERENCES `materia` (`id_materia`) ON DELETE NO ACTION ON UPDATE NO ACTION). The SQL statement executed was: DELETE FROM `materia` WHERE `materia`.`id_materia`=6' in C:\xampp\htdocs\yii\framework\db\CDbCommand.php:358
Stack trace:
#0 C:\xampp\htdocs\yii\framework\db\ar\CActiveRecord.php(1802): CDbCommand->execute()
#1 C:\xampp\htdocs\yii\framework\db\ar\CActiveRecord.php(1222): CActiveRecord->deleteByPk('6')
#2 C:\xampp\htdocs\notas\protected\controllers\MateriaController.php(113): CActiveRecord->delete()
#3 [internal function]: MateriaController->actionDelete('6')
#4 C:\xampp\htdocs\yii\framework\web\actions\CAction.php(108): ReflectionMethod->invokeArgs(Object(MateriaController), Array)
#5 C:\xampp\htdocs\yii\framework\web\actions\CInlineAction.php(47): CAction->runWithParamsInternal(Object(MateriaController), Object(ReflectionMethod), Array)
#6 C:\xampp\htdocs\yii\framework\web\CController.php(308): CInlineAction->runWithParams(Array)
#7 C:\xampp\htdocs\yii\framework\web\filters\CFilterChain.php(133): CController->runAction(Object(CInlineAction))
#8 C:\xampp\htdocs\yii\framework\web\CController.php(1116): CFilterChain->run()
#9 C:\xampp\htdocs\yii\framework\web\filters\CInlineFilter.php(58): CController->filterPostOnly(Object(CFilterChain))
#10 C:\xampp\htdocs\yii\framework\web\filters\CFilterChain.php(130): CInlineFilter->filter(Object(CFilterChain))
#11 C:\xampp\htdocs\yii\framework\web\filters\CFilter.php(40): CFilterChain->run()
#12 C:\xampp\htdocs\yii\framework\web\CController.php(1145): CFilter->filter(Object(CFilterChain))
#13 C:\xampp\htdocs\yii\framework\web\filters\CInlineFilter.php(58): CController->filterAccessControl(Object(CFilterChain))
#14 C:\xampp\htdocs\yii\framework\web\filters\CFilterChain.php(130): CInlineFilter->filter(Object(CFilterChain))
#15 C:\xampp\htdocs\yii\framework\web\CController.php(291): CFilterChain->run()
#16 C:\xampp\htdocs\yii\framework\web\CController.php(265): CController->runActionWithFilters(Object(CInlineAction), Array)
#17 C:\xampp\htdocs\yii\framework\web\CWebApplication.php(282): CController->run('delete')
#18 C:\xampp\htdocs\yii\framework\web\CWebApplication.php(141): CWebApplication->runController('materia/delete')
#19 C:\xampp\htdocs\yii\framework\base\CApplication.php(180): CWebApplication->processRequest()
#20 C:\xampp\htdocs\notas\index.php(13): CApplication->run()
#21 {main}
REQUEST_URI=/notas/index.php/materia/delete/6?ajax=materia-grid
HTTP_REFERER=http://127.0.0.1/notas/index.php/materia/admin
---
